c:\users\daddy11\desktop\redbou_source\redbou source\x64\release\vc142.pdb
c:\users\daddy11\desktop\redbou_source\redbou source\x64\release\imgui_impl_dx11.obj
c:\users\daddy11\desktop\redbou_source\redbou source\x64\release\imgui_draw.obj
c:\users\daddy11\desktop\redbou_source\redbou source\x64\release\imgui.obj
c:\users\daddy11\desktop\redbou_source\redbou source\x64\release\dllmain.obj
c:\users\daddy11\desktop\redbou_source\redbou source\x64\release\inject.ipdb
c:\users\daddy11\desktop\redbou_source\redbou source\x64\release\inject.iobj
c:\users\daddy11\desktop\redbou_source\redbou source\x64\release\inject.dll
c:\users\daddy11\desktop\redbou_source\redbou source\x64\release\inject.pdb
c:\users\daddy11\desktop\redbou_source\redbou source\x64\release\shellcode.obj
c:\users\tripl\onedrive\desktop\redbou source\x64\release\dllmain.obj
c:\users\tripl\onedrive\desktop\redbou source\x64\release\imgui.obj
c:\users\tripl\onedrive\desktop\redbou source\x64\release\imgui_draw.obj
c:\users\tripl\onedrive\desktop\redbou source\x64\release\imgui_impl_dx11.obj
c:\users\tripl\onedrive\desktop\redbou source\x64\release\shellcode.obj
c:\users\tripl\onedrive\desktop\redbou source\x64\release\inject.ipdb
c:\users\tripl\onedrive\desktop\redbou source\x64\release\inject.iobj
c:\users\tripl\onedrive\desktop\redbou source\x64\release\inject.pdb
c:\users\tripl\onedrive\desktop\redbou source\x64\release\vc142.pdb
c:\users\tripl\onedrive\desktop\redbou source\x64\release\fortnite.tlog\cl.command.1.tlog
c:\users\tripl\onedrive\desktop\redbou source\x64\release\fortnite.tlog\cl.read.1.tlog
c:\users\tripl\onedrive\desktop\redbou source\x64\release\fortnite.tlog\cl.write.1.tlog
c:\users\tripl\onedrive\desktop\redbou source\x64\release\fortnite.tlog\fortnite.write.1u.tlog
c:\users\tripl\onedrive\desktop\redbou source\x64\release\fortnite.tlog\link.command.1.tlog
c:\users\tripl\onedrive\desktop\redbou source\x64\release\fortnite.tlog\link.read.1.tlog
c:\users\tripl\onedrive\desktop\redbou source\x64\release\fortnite.tlog\link.write.1.tlog
c:\users\tripl\onedrive\desktop\redbou source\x64\release\fortnite.tlog\masm.read.1u.tlog
c:\users\tripl\onedrive\desktop\redbou source\x64\release\fortnite.tlog\masm.write.1u.tlog
